[--- sample-1.out ---]
12@ntp.gov
Cras@demo.co.uk
Nunc_urna@massa.us
bibendum@porttitor.co.uk
condimentum@non.ultricies.net
hendrerit@quam.gov
lacinia@ac.iaculis.org
lacinia@lectus.edu
leo-eros@dictum.eu
odio@test.edu
sed@pharetra.erat.info
sem@id.dolor.com
sit@amet.org
tincidunt@arcu-edu.gr
tincidunt@at.it
ultricies@domain.com
vitae.adipiscing@domain.com
[--- sample-2.out ---]
12@ntp.gov
Cras@demo.co.uk
Nunc_urna@massa.us
bibendum@porttitor.co.uk
condimentum@non.ultricies.net
hendrerit@quam.gov
lacinia@ac.iaculis.org
lacinia@lectus.edu
leo-eros@dictum.eu
odio@test.edu
sed@pharetra.erat.info
sem@id.dolor.com
sit@amet.org
tincidunt@arcu-edu.gr
tincidunt@at.it
ultricies@domain.com
vitae.adipiscing@domain.com
